<?xml version="1.0" encoding="UTF-8" standalone="no"?><testsuite errors="0" failures="1" name="Delete pets" skipped="0" tests="2" time="3.57" timestamp="2024-10-13 01:27:32"><testcase name="Delete a pet"/><testcase name="Delete a non-existent pet"><failure message="&#13;&#10;Expected: &lt;404&gt;&#13;&#10;     but: was &lt;200&gt;" type="java.lang.AssertionError">&#13;
Expected: &lt;404&gt;&#13;
     but: was &lt;200&gt;</failure><system-err>&#13;
Expected: &lt;404&gt;&#13;
     but: was &lt;200&gt;&#13;
petStoreApi.stepdefinitions.pets.GetPetStepDefinitions.theResponseShouldReturnTheStatus(GetPetStepDefinitions.java:37)&#13;
worker.org.gradle.process.internal.worker.GradleWorkerMain.run(GradleWorkerMain.java:69)&#13;
worker.org.gradle.process.internal.worker.GradleWorkerMain.main(GradleWorkerMain.java:74)&#13;
</system-err></testcase></testsuite>