<?xml version="1.0" encoding="UTF-8" standalone="no"?><testsuite errors="0" failures="1" name="Delete order" skipped="0" tests="2" time="4.1" timestamp="2024-10-13 01:27:58"><testcase name="Delete an order"/><testcase name="Delete a non-existent order"><failure message="&#13;&#10;Expected: &lt;404&gt;&#13;&#10;     but: was &lt;200&gt;" type="java.lang.AssertionError">&#13;
Expected: &lt;404&gt;&#13;
     but: was &lt;200&gt;</failure><system-err>&#13;
Expected: &lt;404&gt;&#13;
     but: was &lt;200&gt;&#13;
petStoreApi.stepdefinitions.store.GetOrderStepDefinitions.theResponseShouldReturnTheStatus(GetOrderStepDefinitions.java:34)&#13;
worker.org.gradle.process.internal.worker.GradleWorkerMain.run(GradleWorkerMain.java:69)&#13;
worker.org.gradle.process.internal.worker.GradleWorkerMain.main(GradleWorkerMain.java:74)&#13;
</system-err></testcase></testsuite>